INFO  06:12:35 Application started. Press Ctrl+C to shut down.
INFO  06:12:35 Application started. Press Ctrl+C to shut down.
INFO  06:12:35 Hosting environment: Development
INFO  06:12:35 Hosting environment: Development
INFO  06:12:35 Content root path: E:\Cognizant Post Joining\MFRP\AuthorizationAPI
INFO  06:12:35 Content root path: E:\Cognizant Post Joining\MFRP\AuthorizationAPI
INFO  06:15:09 Application started. Press Ctrl+C to shut down.
INFO  06:15:09 Application started. Press Ctrl+C to shut down.
INFO  06:15:09 Hosting environment: Development
INFO  06:15:09 Hosting environment: Development
INFO  06:15:09 Content root path: E:\Cognizant Post Joining\MFRP\AuthorizationAPI
INFO  06:15:09 Content root path: E:\Cognizant Post Joining\MFRP\AuthorizationAPI
INFO  06:15:37 Login initiated!
INFO  06:15:37 Validating the User!
INFO  06:15:37 Token Is Generated!
INFO  06:51:39 Application started. Press Ctrl+C to shut down.
INFO  06:51:39 Application started. Press Ctrl+C to shut down.
INFO  06:51:39 Hosting environment: Development
INFO  06:51:39 Hosting environment: Development
INFO  06:51:40 Content root path: E:\Cognizant Post Joining\MFRP\AuthorizationAPI
INFO  06:51:40 Content root path: E:\Cognizant Post Joining\MFRP\AuthorizationAPI
INFO  06:52:42 Login initiated!
INFO  06:52:42 Validating the User!
INFO  06:52:42 Token Is Generated!
